<?xml version="1.0" encoding="UTF-8"?>
<!-- Generated by org.testng.reporters.JUnitReportReporter -->
<testsuite hostname="CSILAP027" failures="0" tests="1" name="testcase.TC_001_AccountPage" time="17.315" errors="0" timestamp="2025-02-21T00:15:30 IST" skipped="0">
  <testcase classname="testcase.TC_001_AccountPage" name="runLogin" time="17.315"/>
  <system-out/>
</testsuite> <!-- testcase.TC_001_AccountPage -->
